<?xml version="1.0" encoding="UTF-8" ?>
<testsuite tests="1" failures="0" name="CheckIT" time="0.025" errors="0" skipped="0">
  <properties>
    <property name="java.runtime.name" value="Java(TM) SE Runtime Environment"/>
    <property name="sun.boot.library.path" value="C:\Program Files\Java\jdk1.8.0_111\jre\bin"/>
    <property name="java.vm.version" value="25.111-b14"/>
    <property name="java.vm.vendor" value="Oracle Corporation"/>
    <property name="java.vendor.url" value="http://java.oracle.com/"/>
    <property name="path.separator" value=";"/>
    <property name="java.vm.name" value="Java HotSpot(TM) 64-Bit Server VM"/>
    <property name="file.encoding.pkg" value="sun.io"/>
    <property name="user.script" value=""/>
    <property name="user.country" value="US"/>
    <property name="sun.java.launcher" value="SUN_STANDARD"/>
    <property name="sun.os.patch.level" value="Service Pack 1"/>
    <property name="java.vm.specification.name" value="Java Virtual Machine Specification"/>
    <property name="user.dir" value="C:\Users\371996\Documents\workspace-sts-3.7.3.RELEASE\test-app"/>
    <property name="java.runtime.version" value="1.8.0_111-b14"/>
    <property name="java.awt.graphicsenv" value="sun.awt.Win32GraphicsEnvironment"/>
    <property name="basedir" value="C:\Users\371996\Documents\workspace-sts-3.7.3.RELEASE\test-app"/>
    <property name="java.endorsed.dirs" value="C:\Program Files\Java\jdk1.8.0_111\jre\lib\endorsed"/>
    <property name="os.arch" value="amd64"/>
    <property name="surefire.real.class.path" value="C:\Users\371996\AppData\Local\Temp\surefirebooter6902402778922044705.jar"/>
    <property name="java.io.tmpdir" value="C:\Users\371996\AppData\Local\Temp\"/>
    <property name="line.separator" value="
"/>
    <property name="java.vm.specification.vendor" value="Oracle Corporation"/>
    <property name="user.variant" value=""/>
    <property name="os.name" value="Windows 7"/>
    <property name="sun.jnu.encoding" value="Cp1252"/>
    <property name="java.library.path" value="C:\Program Files\Java\jdk1.8.0_111\jre\bin;C:\Windows\Sun\Java\bin;C:\Windows\system32;C:\Windows;C:/Program Files/Java/jre1.8.0_112/bin/server;C:/Program Files/Java/jre1.8.0_112/bin;C:/Program Files/Java/jre1.8.0_112/lib/amd64;C:\ProgramData\Oracle\Java\javapath;C:\Windows\SYSTEM32;C:\Windows;C:\Windows\SYSTEM32\WBEM;C:\Windows\SYSTEM32\WINDOWSPOWERSHELL\V1.0\;C:\PROGRAM FILES (X86)\INTEL\OPENCL SDK\2.0\BIN\X86;C:\PROGRAM FILES (X86)\INTEL\OPENCL SDK\2.0\BIN\X64;C:\Program Files\Git\cmd;C:\Program Files\Java\jdk1.8.0_111\bin;C:\Program Files\MongoDB\Server\3.2\bin;C:\Program Files\nodejs;C:\Program Files (x86)\Brackets\command;C:\Program Files\nodejs\;C:\HashiCorp\Vagrant\bin;C:\Program Files\Git\usr\bin;C:\Program Files (x86)\Kubernetes\Minikube;;C:\Program Files\Docker Toolbox;C:\Program Files (x86)\Microsoft VS Code\bin;C:\Users\371996\AppData\Roaming\npm;C:\Program Files (x86)\Kubernetes\Minikube;C:\Gnana\I-Learn\k8\kubectl;C:\Gnana\I-Learn\maven\apache-maven-3.5.0-bin\apache-maven-3.5.0\bin;C:\Gnana\I-Learn\spring-sts\sts-3.7.3\sts-bundle\sts-3.7.3.RELEASE;;."/>
    <property name="surefire.test.class.path" value="C:\Users\371996\Documents\workspace-sts-3.7.3.RELEASE\test-app\target\test-classes;C:\Users\371996\Documents\workspace-sts-3.7.3.RELEASE\test-app\target\classes;C:\Users\371996\.m2\repository\org\apache\tomee\apache-tomee\7.0.2\apache-tomee-7.0.2.jar;C:\Users\371996\.m2\repository\org\apache\tomee\tomee-util\7.0.2\tomee-util-7.0.2.jar;C:\Users\371996\.m2\repository\org\apache\tomee\openejb-client\7.0.2\openejb-client-7.0.2.jar;C:\Users\371996\.m2\repository\org\apache\tomee\javaee-api\7.0-1\javaee-api-7.0-1.jar;C:\Users\371996\.m2\repository\org\apache\tomee\openejb-core\7.0.2\openejb-core-7.0.2.jar;C:\Users\371996\.m2\repository\org\apache\tomee\mbean-annotation-api\7.0.2\mbean-annotation-api-7.0.2.jar;C:\Users\371996\.m2\repository\org\apache\tomee\openejb-jpa-integration\7.0.2\openejb-jpa-integration-7.0.2.jar;C:\Users\371996\.m2\repository\org\apache\commons\commons-lang3\3.5\commons-lang3-3.5.jar;C:\Users\371996\.m2\repository\org\apache\tomee\openejb-api\7.0.2\openejb-api-7.0.2.jar;C:\Users\371996\.m2\repository\org\apache\tomee\openejb-loader\7.0.2\openejb-loader-7.0.2.jar;C:\Users\371996\.m2\repository\org\apache\tomee\openejb-javaagent\7.0.2\openejb-javaagent-7.0.2.jar;C:\Users\371996\.m2\repository\org\apache\tomee\openejb-jee\7.0.2\openejb-jee-7.0.2.jar;C:\Users\371996\.m2\repository\org\apache\tomee\openejb-jee-accessors\7.0.2\openejb-jee-accessors-7.0.2.jar;C:\Users\371996\.m2\repository\org\metatype\sxc\sxc-jaxb-core\0.8\sxc-jaxb-core-0.8.jar;C:\Users\371996\.m2\repository\org\metatype\sxc\sxc-runtime\0.8\sxc-runtime-0.8.jar;C:\Users\371996\.m2\repository\commons-cli\commons-cli\1.2\commons-cli-1.2.jar;C:\Users\371996\.m2\repository\commons-collections\commons-collections\3.2.2\commons-collections-3.2.2.jar;C:\Users\371996\.m2\repository\org\apache\activemq\activemq-ra\5.14.1\activemq-ra-5.14.1.jar;C:\Users\371996\.m2\repository\org\apache\activemq\activemq-kahadb-store\5.14.1\activemq-kahadb-store-5.14.1.jar;C:\Users\371996\.m2\repository\org\apache\activemq\protobuf\activemq-protobuf\1.1\activemq-protobuf-1.1.jar;C:\Users\371996\.m2\repository\org\apache\activemq\activemq-broker\5.14.1\activemq-broker-5.14.1.jar;C:\Users\371996\.m2\repository\org\apache\activemq\activemq-client\5.14.1\activemq-client-5.14.1.jar;C:\Users\371996\.m2\repository\org\fusesource\hawtbuf\hawtbuf\1.11\hawtbuf-1.11.jar;C:\Users\371996\.m2\repository\org\apache\activemq\activemq-openwire-legacy\5.14.1\activemq-openwire-legacy-5.14.1.jar;C:\Users\371996\.m2\repository\org\apache\activemq\activemq-jdbc-store\5.14.1\activemq-jdbc-store-5.14.1.jar;C:\Users\371996\.m2\repository\org\apache\geronimo\components\geronimo-connector\3.1.3\geronimo-connector-3.1.3.jar;C:\Users\371996\.m2\repository\org\apache\geronimo\specs\geronimo-j2ee-connector_1.6_spec\1.0\geronimo-j2ee-connector_1.6_spec-1.0.jar;C:\Users\371996\.m2\repository\org\apache\geronimo\components\geronimo-transaction\3.1.3\geronimo-transaction-3.1.3.jar;C:\Users\371996\.m2\repository\org\objectweb\howl\howl\1.0.1-1\howl-1.0.1-1.jar;C:\Users\371996\.m2\repository\org\apache\geronimo\javamail\geronimo-javamail_1.4_mail\1.9.0-alpha-2\geronimo-javamail_1.4_mail-1.9.0-alpha-2.jar;C:\Users\371996\.m2\repository\org\apache\xbean\xbean-asm5-shaded\4.5\xbean-asm5-shaded-4.5.jar;C:\Users\371996\.m2\repository\org\apache\xbean\xbean-finder-shaded\4.5\xbean-finder-shaded-4.5.jar;C:\Users\371996\.m2\repository\org\apache\xbean\xbean-reflect\4.5\xbean-reflect-4.5.jar;C:\Users\371996\.m2\repository\org\apache\xbean\xbean-naming\4.5\xbean-naming-4.5.jar;C:\Users\371996\.m2\repository\org\apache\xbean\xbean-bundleutils\4.5\xbean-bundleutils-4.5.jar;C:\Users\371996\.m2\repository\org\hsqldb\hsqldb\2.3.2\hsqldb-2.3.2.jar;C:\Users\371996\.m2\repository\org\apache\commons\commons-dbcp2\2.1\commons-dbcp2-2.1.jar;C:\Users\371996\.m2\repository\org\apache\commons\commons-pool2\2.3\commons-pool2-2.3.jar;C:\Users\371996\.m2\repository\org\codehaus\swizzle\swizzle-stream\1.6.2\swizzle-stream-1.6.2.jar;C:\Users\371996\.m2\repository\commons-logging\commons-logging\1.1.1\commons-logging-1.1.1.jar;C:\Users\371996\.m2\repository\org\apache\openejb\shade\quartz-openejb-shade\2.2.1\quartz-openejb-shade-2.2.1.jar;C:\Users\371996\.m2\repository\org\slf4j\slf4j-jdk14\1.7.21\slf4j-jdk14-1.7.21.jar;C:\Users\371996\.m2\repository\org\apache\openwebbeans\openwebbeans-impl\1.7.0\openwebbeans-impl-1.7.0.jar;C:\Users\371996\.m2\repository\org\apache\openwebbeans\openwebbeans-spi\1.7.0\openwebbeans-spi-1.7.0.jar;C:\Users\371996\.m2\repository\org\apache\openwebbeans\openwebbeans-ejb\1.7.0\openwebbeans-ejb-1.7.0.jar;C:\Users\371996\.m2\repository\org\apache\openwebbeans\openwebbeans-ee\1.7.0\openwebbeans-ee-1.7.0.jar;C:\Users\371996\.m2\repository\org\apache\openwebbeans\openwebbeans-ee-common\1.7.0\openwebbeans-ee-common-1.7.0.jar;C:\Users\371996\.m2\repository\org\apache\openwebbeans\openwebbeans-web\1.7.0\openwebbeans-web-1.7.0.jar;C:\Users\371996\.m2\repository\org\apache\openwebbeans\openwebbeans-el22\1.7.0\openwebbeans-el22-1.7.0.jar;C:\Users\371996\.m2\repository\org\apache\openjpa\openjpa\2.4.1\openjpa-2.4.1.jar;C:\Users\371996\.m2\repository\commons-lang\commons-lang\2.4\commons-lang-2.4.jar;C:\Users\371996\.m2\repository\net\sourceforge\serp\serp\1.15.1\serp-1.15.1.jar;C:\Users\371996\.m2\repository\org\apache\bval\bval-core\1.1.2\bval-core-1.1.2.jar;C:\Users\371996\.m2\repository\org\apache\bval\bval-jsr\1.1.2\bval-jsr-1.1.2.jar;C:\Users\371996\.m2\repository\com\codahale\metrics\metrics-core\3.0.2\metrics-core-3.0.2.jar;C:\Users\371996\.m2\repository\org\slf4j\slf4j-api\1.7.5\slf4j-api-1.7.5.jar;C:\Users\371996\.m2\repository\com\codahale\metrics\metrics-graphite\3.0.2\metrics-graphite-3.0.2.jar;C:\Users\371996\.m2\repository\junit\junit\4.12\junit-4.12.jar;C:\Users\371996\.m2\repository\org\hamcrest\hamcrest-core\1.3\hamcrest-core-1.3.jar;"/>
    <property name="java.specification.name" value="Java Platform API Specification"/>
    <property name="java.class.version" value="52.0"/>
    <property name="sun.management.compiler" value="HotSpot 64-Bit Tiered Compilers"/>
    <property name="os.version" value="6.1"/>
    <property name="user.home" value="C:\Users\371996"/>
    <property name="user.timezone" value=""/>
    <property name="java.awt.printerjob" value="sun.awt.windows.WPrinterJob"/>
    <property name="java.specification.version" value="1.8"/>
    <property name="file.encoding" value="Cp1252"/>
    <property name="user.name" value="371996"/>
    <property name="java.class.path" value="C:\Users\371996\Documents\workspace-sts-3.7.3.RELEASE\test-app\target\test-classes;C:\Users\371996\Documents\workspace-sts-3.7.3.RELEASE\test-app\target\classes;C:\Users\371996\.m2\repository\org\apache\tomee\apache-tomee\7.0.2\apache-tomee-7.0.2.jar;C:\Users\371996\.m2\repository\org\apache\tomee\tomee-util\7.0.2\tomee-util-7.0.2.jar;C:\Users\371996\.m2\repository\org\apache\tomee\openejb-client\7.0.2\openejb-client-7.0.2.jar;C:\Users\371996\.m2\repository\org\apache\tomee\javaee-api\7.0-1\javaee-api-7.0-1.jar;C:\Users\371996\.m2\repository\org\apache\tomee\openejb-core\7.0.2\openejb-core-7.0.2.jar;C:\Users\371996\.m2\repository\org\apache\tomee\mbean-annotation-api\7.0.2\mbean-annotation-api-7.0.2.jar;C:\Users\371996\.m2\repository\org\apache\tomee\openejb-jpa-integration\7.0.2\openejb-jpa-integration-7.0.2.jar;C:\Users\371996\.m2\repository\org\apache\commons\commons-lang3\3.5\commons-lang3-3.5.jar;C:\Users\371996\.m2\repository\org\apache\tomee\openejb-api\7.0.2\openejb-api-7.0.2.jar;C:\Users\371996\.m2\repository\org\apache\tomee\openejb-loader\7.0.2\openejb-loader-7.0.2.jar;C:\Users\371996\.m2\repository\org\apache\tomee\openejb-javaagent\7.0.2\openejb-javaagent-7.0.2.jar;C:\Users\371996\.m2\repository\org\apache\tomee\openejb-jee\7.0.2\openejb-jee-7.0.2.jar;C:\Users\371996\.m2\repository\org\apache\tomee\openejb-jee-accessors\7.0.2\openejb-jee-accessors-7.0.2.jar;C:\Users\371996\.m2\repository\org\metatype\sxc\sxc-jaxb-core\0.8\sxc-jaxb-core-0.8.jar;C:\Users\371996\.m2\repository\org\metatype\sxc\sxc-runtime\0.8\sxc-runtime-0.8.jar;C:\Users\371996\.m2\repository\commons-cli\commons-cli\1.2\commons-cli-1.2.jar;C:\Users\371996\.m2\repository\commons-collections\commons-collections\3.2.2\commons-collections-3.2.2.jar;C:\Users\371996\.m2\repository\org\apache\activemq\activemq-ra\5.14.1\activemq-ra-5.14.1.jar;C:\Users\371996\.m2\repository\org\apache\activemq\activemq-kahadb-store\5.14.1\activemq-kahadb-store-5.14.1.jar;C:\Users\371996\.m2\repository\org\apache\activemq\protobuf\activemq-protobuf\1.1\activemq-protobuf-1.1.jar;C:\Users\371996\.m2\repository\org\apache\activemq\activemq-broker\5.14.1\activemq-broker-5.14.1.jar;C:\Users\371996\.m2\repository\org\apache\activemq\activemq-client\5.14.1\activemq-client-5.14.1.jar;C:\Users\371996\.m2\repository\org\fusesource\hawtbuf\hawtbuf\1.11\hawtbuf-1.11.jar;C:\Users\371996\.m2\repository\org\apache\activemq\activemq-openwire-legacy\5.14.1\activemq-openwire-legacy-5.14.1.jar;C:\Users\371996\.m2\repository\org\apache\activemq\activemq-jdbc-store\5.14.1\activemq-jdbc-store-5.14.1.jar;C:\Users\371996\.m2\repository\org\apache\geronimo\components\geronimo-connector\3.1.3\geronimo-connector-3.1.3.jar;C:\Users\371996\.m2\repository\org\apache\geronimo\specs\geronimo-j2ee-connector_1.6_spec\1.0\geronimo-j2ee-connector_1.6_spec-1.0.jar;C:\Users\371996\.m2\repository\org\apache\geronimo\components\geronimo-transaction\3.1.3\geronimo-transaction-3.1.3.jar;C:\Users\371996\.m2\repository\org\objectweb\howl\howl\1.0.1-1\howl-1.0.1-1.jar;C:\Users\371996\.m2\repository\org\apache\geronimo\javamail\geronimo-javamail_1.4_mail\1.9.0-alpha-2\geronimo-javamail_1.4_mail-1.9.0-alpha-2.jar;C:\Users\371996\.m2\repository\org\apache\xbean\xbean-asm5-shaded\4.5\xbean-asm5-shaded-4.5.jar;C:\Users\371996\.m2\repository\org\apache\xbean\xbean-finder-shaded\4.5\xbean-finder-shaded-4.5.jar;C:\Users\371996\.m2\repository\org\apache\xbean\xbean-reflect\4.5\xbean-reflect-4.5.jar;C:\Users\371996\.m2\repository\org\apache\xbean\xbean-naming\4.5\xbean-naming-4.5.jar;C:\Users\371996\.m2\repository\org\apache\xbean\xbean-bundleutils\4.5\xbean-bundleutils-4.5.jar;C:\Users\371996\.m2\repository\org\hsqldb\hsqldb\2.3.2\hsqldb-2.3.2.jar;C:\Users\371996\.m2\repository\org\apache\commons\commons-dbcp2\2.1\commons-dbcp2-2.1.jar;C:\Users\371996\.m2\repository\org\apache\commons\commons-pool2\2.3\commons-pool2-2.3.jar;C:\Users\371996\.m2\repository\org\codehaus\swizzle\swizzle-stream\1.6.2\swizzle-stream-1.6.2.jar;C:\Users\371996\.m2\repository\commons-logging\commons-logging\1.1.1\commons-logging-1.1.1.jar;C:\Users\371996\.m2\repository\org\apache\openejb\shade\quartz-openejb-shade\2.2.1\quartz-openejb-shade-2.2.1.jar;C:\Users\371996\.m2\repository\org\slf4j\slf4j-jdk14\1.7.21\slf4j-jdk14-1.7.21.jar;C:\Users\371996\.m2\repository\org\apache\openwebbeans\openwebbeans-impl\1.7.0\openwebbeans-impl-1.7.0.jar;C:\Users\371996\.m2\repository\org\apache\openwebbeans\openwebbeans-spi\1.7.0\openwebbeans-spi-1.7.0.jar;C:\Users\371996\.m2\repository\org\apache\openwebbeans\openwebbeans-ejb\1.7.0\openwebbeans-ejb-1.7.0.jar;C:\Users\371996\.m2\repository\org\apache\openwebbeans\openwebbeans-ee\1.7.0\openwebbeans-ee-1.7.0.jar;C:\Users\371996\.m2\repository\org\apache\openwebbeans\openwebbeans-ee-common\1.7.0\openwebbeans-ee-common-1.7.0.jar;C:\Users\371996\.m2\repository\org\apache\openwebbeans\openwebbeans-web\1.7.0\openwebbeans-web-1.7.0.jar;C:\Users\371996\.m2\repository\org\apache\openwebbeans\openwebbeans-el22\1.7.0\openwebbeans-el22-1.7.0.jar;C:\Users\371996\.m2\repository\org\apache\openjpa\openjpa\2.4.1\openjpa-2.4.1.jar;C:\Users\371996\.m2\repository\commons-lang\commons-lang\2.4\commons-lang-2.4.jar;C:\Users\371996\.m2\repository\net\sourceforge\serp\serp\1.15.1\serp-1.15.1.jar;C:\Users\371996\.m2\repository\org\apache\bval\bval-core\1.1.2\bval-core-1.1.2.jar;C:\Users\371996\.m2\repository\org\apache\bval\bval-jsr\1.1.2\bval-jsr-1.1.2.jar;C:\Users\371996\.m2\repository\com\codahale\metrics\metrics-core\3.0.2\metrics-core-3.0.2.jar;C:\Users\371996\.m2\repository\org\slf4j\slf4j-api\1.7.5\slf4j-api-1.7.5.jar;C:\Users\371996\.m2\repository\com\codahale\metrics\metrics-graphite\3.0.2\metrics-graphite-3.0.2.jar;C:\Users\371996\.m2\repository\junit\junit\4.12\junit-4.12.jar;C:\Users\371996\.m2\repository\org\hamcrest\hamcrest-core\1.3\hamcrest-core-1.3.jar;"/>
    <property name="java.vm.specification.version" value="1.8"/>
    <property name="sun.arch.data.model" value="64"/>
    <property name="java.home" value="C:\Program Files\Java\jdk1.8.0_111\jre"/>
    <property name="sun.java.command" value="C:\Users\371996\AppData\Local\Temp\surefirebooter6902402778922044705.jar C:\Users\371996\AppData\Local\Temp\surefire2135992801741609091tmp C:\Users\371996\AppData\Local\Temp\surefire3930708735433139778tmp"/>
    <property name="java.specification.vendor" value="Oracle Corporation"/>
    <property name="user.language" value="en"/>
    <property name="awt.toolkit" value="sun.awt.windows.WToolkit"/>
    <property name="java.vm.info" value="mixed mode"/>
    <property name="java.version" value="1.8.0_111"/>
    <property name="java.ext.dirs" value="C:\Program Files\Java\jdk1.8.0_111\jre\lib\ext;C:\Windows\Sun\Java\lib\ext"/>
    <property name="sun.boot.class.path" value="C:\Program Files\Java\jdk1.8.0_111\jre\lib\resources.jar;C:\Program Files\Java\jdk1.8.0_111\jre\lib\rt.jar;C:\Program Files\Java\jdk1.8.0_111\jre\lib\sunrsasign.jar;C:\Program Files\Java\jdk1.8.0_111\jre\lib\jsse.jar;C:\Program Files\Java\jdk1.8.0_111\jre\lib\jce.jar;C:\Program Files\Java\jdk1.8.0_111\jre\lib\charsets.jar;C:\Program Files\Java\jdk1.8.0_111\jre\lib\jfr.jar;C:\Program Files\Java\jdk1.8.0_111\jre\classes"/>
    <property name="java.vendor" value="Oracle Corporation"/>
    <property name="localRepository" value="C:\Users\371996\.m2\repository"/>
    <property name="file.separator" value="\"/>
    <property name="java.vendor.url.bug" value="http://bugreport.sun.com/bugreport/"/>
    <property name="sun.cpu.endian" value="little"/>
    <property name="sun.io.unicode.encoding" value="UnicodeLittle"/>
    <property name="sun.desktop" value="windows"/>
    <property name="sun.cpu.isalist" value="amd64"/>
  </properties>
  <testcase classname="CheckIT" name="dotest" time="0.002"/>
</testsuite>